<?xml version="1.0" encoding="UTF-8"?>
<coverage generated="1783890783318" clover="3.2.0">
  <project timestamp="1783890783318" name="All files">
    <metrics statements="239" coveredstatements="204" conditionals="144" coveredconditionals="106" methods="60" coveredmethods="51" elements="443" coveredelements="361" complexity="0" loc="239" ncloc="239" packages="2" files="10" classes="10"/>
    <package name="src">
      <metrics statements="145" coveredstatements="126" conditionals="86" coveredconditionals="67" methods="36" coveredmethods="31"/>
      <file name="compilation-pipeline.ts" path="/home/user/shinobi-wan/packages/kernel/src/compilation-pipeline.ts">
        <metrics statements="56" coveredstatements="46" conditionals="29" coveredconditionals="19" methods="12" coveredmethods="9"/>
        <line num="30" count="23" type="stmt"/>
        <line num="31" count="23" type="cond" truecount="2" falsecount="0"/>
        <line num="38" count="23" type="stmt"/>
        <line num="39" count="23" type="cond" truecount="2" falsecount="0"/>
        <line num="40" count="1" type="stmt"/>
        <line num="50" count="22" type="stmt"/>
        <line num="53" count="22" type="stmt"/>
        <line num="54" count="10" type="stmt"/>
        <line num="55" count="10" type="cond" truecount="1" falsecount="1"/>
        <line num="56" count="0" type="stmt"/>
        <line num="60" count="0" type="stmt"/>
        <line num="70" count="22" type="cond" truecount="2" falsecount="0"/>
        <line num="71" count="5" type="stmt"/>
        <line num="81" count="21" type="stmt"/>
        <line num="101" count="22" type="stmt"/>
        <line num="102" count="22" type="stmt"/>
        <line num="105" count="22" type="stmt"/>
        <line num="106" count="22" type="stmt"/>
        <line num="107" count="28" type="stmt"/>
        <line num="110" count="22" type="stmt"/>
        <line num="111" count="12" type="stmt"/>
        <line num="112" count="12" type="stmt"/>
        <line num="114" count="12" type="cond" truecount="3" falsecount="1"/>
        <line num="116" count="0" type="stmt"/>
        <line num="122" count="0" type="stmt"/>
        <line num="125" count="12" type="stmt"/>
        <line num="126" count="12" type="cond" truecount="2" falsecount="0"/>
        <line num="127" count="4" type="stmt"/>
        <line num="133" count="4" type="stmt"/>
        <line num="136" count="8" type="stmt"/>
        <line num="143" count="8" type="stmt"/>
        <line num="144" count="8" type="stmt"/>
        <line num="148" count="22" type="stmt"/>
        <line num="149" count="5" type="stmt"/>
        <line num="150" count="5" type="cond" truecount="2" falsecount="0"/>
        <line num="151" count="2" type="stmt"/>
        <line num="154" count="22" type="stmt"/>
        <line num="166" count="12" type="stmt"/>
        <line num="167" count="8" type="stmt"/>
        <line num="169" count="8" type="cond" truecount="3" falsecount="0"/>
        <line num="189" count="5" type="stmt"/>
        <line num="190" count="4" type="stmt"/>
        <line num="193" count="5" type="cond" truecount="2" falsecount="0"/>
        <line num="194" count="1" type="stmt"/>
        <line num="195" count="0" type="stmt"/>
        <line num="197" count="1" type="stmt"/>
        <line num="200" count="4" type="stmt"/>
        <line num="210" count="4" type="stmt"/>
        <line num="215" count="4" type="stmt"/>
        <line num="216" count="0" type="stmt"/>
        <line num="218" count="0" type="cond" truecount="0" falsecount="2"/>
        <line num="219" count="0" type="stmt"/>
        <line num="220" count="0" type="cond" truecount="0" falsecount="2"/>
        <line num="221" count="0" type="stmt"/>
        <line num="224" count="4" type="stmt"/>
        <line num="226" count="2" type="stmt"/>
      </file>
      <file name="config.ts" path="/home/user/shinobi-wan/packages/kernel/src/config.ts">
        <metrics statements="33" coveredstatements="33" conditionals="28" coveredconditionals="28" methods="5" coveredmethods="5"/>
        <line num="8" count="4" type="stmt"/>
        <line num="23" count="61" type="cond" truecount="4" falsecount="0"/>
        <line num="24" count="2" type="stmt"/>
        <line num="27" count="59" type="cond" truecount="2" falsecount="0"/>
        <line num="28" count="12" type="stmt"/>
        <line num="31" count="11" type="stmt"/>
        <line num="32" count="11" type="cond" truecount="2" falsecount="0"/>
        <line num="33" count="8" type="stmt"/>
        <line num="35" count="3" type="cond" truecount="2" falsecount="0"/>
        <line num="36" count="2" type="stmt"/>
        <line num="38" count="1" type="stmt"/>
        <line num="46" count="47" type="cond" truecount="2" falsecount="0"/>
        <line num="47" count="2" type="stmt"/>
        <line num="50" count="46" type="cond" truecount="2" falsecount="0"/>
        <line num="51" count="34" type="stmt"/>
        <line num="52" count="34" type="stmt"/>
        <line num="53" count="17" type="stmt"/>
        <line num="55" count="34" type="stmt"/>
        <line num="58" count="12" type="stmt"/>
        <line num="73" count="31" type="cond" truecount="2" falsecount="0"/>
        <line num="74" count="31" type="cond" truecount="2" falsecount="0"/>
        <line num="77" count="31" type="stmt"/>
        <line num="78" count="31" type="stmt"/>
        <line num="79" count="13" type="stmt"/>
        <line num="83" count="31" type="stmt"/>
        <line num="88" count="31" type="stmt"/>
        <line num="99" count="14" type="stmt"/>
        <line num="101" count="14" type="stmt"/>
        <line num="102" count="17" type="stmt"/>
        <line num="103" count="17" type="cond" truecount="2" falsecount="0"/>
        <line num="113" count="1" type="stmt"/>
        <line num="118" count="16" type="stmt"/>
        <line num="122" count="14" type="stmt"/>
      </file>
      <file name="errors.ts" path="/home/user/shinobi-wan/packages/kernel/src/errors.ts">
        <metrics statements="12" coveredstatements="8" conditionals="2" coveredconditionals="0" methods="3" coveredmethods="2"/>
        <line num="22" count="0" type="stmt"/>
        <line num="26" count="0" type="stmt"/>
        <line num="27" count="0" type="stmt"/>
        <line num="28" count="0" type="stmt"/>
        <line num="40" count="1" type="stmt"/>
        <line num="41" count="1" type="stmt"/>
        <line num="42" count="1" type="stmt"/>
        <line num="43" count="1" type="stmt"/>
        <line num="55" count="1" type="stmt"/>
        <line num="58" count="1" type="stmt"/>
        <line num="59" count="1" type="stmt"/>
        <line num="60" count="1" type="stmt"/>
      </file>
      <file name="explain.ts" path="/home/user/shinobi-wan/packages/kernel/src/explain.ts">
        <metrics statements="15" coveredstatements="10" conditionals="12" coveredconditionals="5" methods="3" coveredmethods="2"/>
        <line num="39" count="4" type="stmt"/>
        <line num="41" count="4" type="stmt"/>
        <line num="43" count="4" type="stmt"/>
        <line num="44" count="1" type="stmt"/>
        <line num="45" count="1" type="stmt"/>
        <line num="58" count="4" type="stmt"/>
        <line num="59" count="3" type="stmt"/>
        <line num="73" count="4" type="cond" truecount="2" falsecount="0"/>
        <line num="74" count="0" type="cond" truecount="0" falsecount="2"/>
        <line num="77" count="0" type="stmt"/>
        <line num="87" count="4" type="stmt"/>
        <line num="88" count="0" type="stmt"/>
        <line num="89" count="0" type="cond" truecount="0" falsecount="2"/>
        <line num="90" count="0" type="stmt"/>
        <line num="93" count="4" type="stmt"/>
      </file>
      <file name="freeze.ts" path="/home/user/shinobi-wan/packages/kernel/src/freeze.ts">
        <metrics statements="11" coveredstatements="11" conditionals="9" coveredconditionals="9" methods="1" coveredmethods="1"/>
        <line num="8" count="787" type="cond" truecount="5" falsecount="0"/>
        <line num="9" count="361" type="stmt"/>
        <line num="12" count="426" type="cond" truecount="2" falsecount="0"/>
        <line num="13" count="46" type="stmt"/>
        <line num="16" count="380" type="stmt"/>
        <line num="18" count="380" type="cond" truecount="2" falsecount="0"/>
        <line num="19" count="116" type="stmt"/>
        <line num="20" count="60" type="stmt"/>
        <line num="23" count="264" type="stmt"/>
        <line num="24" count="661" type="stmt"/>
        <line num="28" count="380" type="stmt"/>
      </file>
      <file name="kernel.ts" path="/home/user/shinobi-wan/packages/kernel/src/kernel.ts">
        <metrics statements="18" coveredstatements="18" conditionals="6" coveredconditionals="6" methods="12" coveredmethods="12"/>
        <line num="54" count="20" type="stmt"/>
        <line num="55" count="20" type="cond" truecount="2" falsecount="0"/>
        <line num="56" count="20" type="cond" truecount="2" falsecount="0"/>
        <line num="57" count="20" type="cond" truecount="2" falsecount="0"/>
        <line num="65" count="18" type="stmt"/>
        <line num="73" count="1" type="stmt"/>
        <line num="74" count="1" type="stmt"/>
        <line num="81" count="1" type="stmt"/>
        <line num="82" count="1" type="stmt"/>
        <line num="89" count="10" type="stmt"/>
        <line num="90" count="10" type="stmt"/>
        <line num="97" count="1" type="stmt"/>
        <line num="103" count="2" type="stmt"/>
        <line num="107" count="2" type="stmt"/>
        <line num="111" count="1" type="stmt"/>
        <line num="115" count="2" type="stmt"/>
        <line num="119" count="2" type="stmt"/>
        <line num="123" count="1" type="stmt"/>
      </file>
    </package>
    <package name="src.facade">
      <metrics statements="94" coveredstatements="78" conditionals="58" coveredconditionals="39" methods="24" coveredmethods="20"/>
      <file name="build-envelope.ts" path="/home/user/shinobi-wan/packages/kernel/src/facade/build-envelope.ts">
        <metrics statements="6" coveredstatements="6" conditionals="12" coveredconditionals="11" methods="2" coveredmethods="2"/>
        <line num="11" count="1" type="stmt"/>
        <line num="21" count="5" type="cond" truecount="4" falsecount="0"/>
        <line num="26" count="5" type="stmt"/>
        <line num="44" count="20" type="stmt"/>
        <line num="50" count="20" type="stmt"/>
        <line num="56" count="20" type="stmt"/>
      </file>
      <file name="contract-version.ts" path="/home/user/shinobi-wan/packages/kernel/src/facade/contract-version.ts">
        <metrics statements="1" coveredstatements="1" conditionals="0" coveredconditionals="0" methods="0" coveredmethods="0"/>
        <line num="5" count="1" type="stmt"/>
      </file>
      <file name="facade.ts" path="/home/user/shinobi-wan/packages/kernel/src/facade/facade.ts">
        <metrics statements="87" coveredstatements="71" conditionals="46" coveredconditionals="28" methods="22" coveredmethods="18"/>
        <line num="22" count="1" type="stmt"/>
        <line num="25" count="20" type="cond" truecount="1" falsecount="1"/>
        <line num="35" count="5" type="stmt"/>
        <line num="49" count="16" type="cond" truecount="1" falsecount="1"/>
        <line num="50" count="16" type="cond" truecount="1" falsecount="1"/>
        <line num="51" count="16" type="cond" truecount="1" falsecount="1"/>
        <line num="52" count="16" type="stmt"/>
        <line num="83" count="6" type="stmt"/>
        <line num="88" count="6" type="stmt"/>
        <line num="104" count="7" type="stmt"/>
        <line num="124" count="7" type="stmt"/>
        <line num="125" count="7" type="cond" truecount="2" falsecount="0"/>
        <line num="126" count="1" type="stmt"/>
        <line num="134" count="6" type="stmt"/>
        <line num="135" count="6" type="stmt"/>
        <line num="136" count="6" type="stmt"/>
        <line num="137" count="6" type="stmt"/>
        <line num="138" count="6" type="stmt"/>
        <line num="143" count="6" type="stmt"/>
        <line num="144" count="6" type="stmt"/>
        <line num="146" count="1" type="stmt"/>
        <line num="147" count="1" type="stmt"/>
        <line num="151" count="0" type="cond" truecount="0" falsecount="2"/>
        <line num="152" count="0" type="stmt"/>
        <line num="167" count="5" type="stmt"/>
        <line num="168" count="5" type="cond" truecount="2" falsecount="0"/>
        <line num="169" count="1" type="stmt"/>
        <line num="177" count="4" type="stmt"/>
        <line num="178" count="4" type="stmt"/>
        <line num="179" count="4" type="stmt"/>
        <line num="180" count="4" type="stmt"/>
        <line num="181" count="4" type="stmt"/>
        <line num="186" count="4" type="cond" truecount="2" falsecount="0"/>
        <line num="187" count="1" type="stmt"/>
        <line num="195" count="3" type="stmt"/>
        <line num="200" count="0" type="cond" truecount="0" falsecount="2"/>
        <line num="201" count="0" type="stmt"/>
        <line num="208" count="5" type="stmt"/>
        <line num="209" count="5" type="stmt"/>
        <line num="210" count="4" type="stmt"/>
        <line num="211" count="4" type="cond" truecount="4" falsecount="0"/>
        <line num="212" count="3" type="stmt"/>
        <line num="213" count="1" type="cond" truecount="2" falsecount="2"/>
        <line num="214" count="0" type="stmt"/>
        <line num="215" count="1" type="cond" truecount="2" falsecount="2"/>
        <line num="216" count="0" type="stmt"/>
        <line num="221" count="1" type="stmt"/>
        <line num="226" count="4" type="stmt"/>
        <line num="242" count="5" type="stmt"/>
        <line num="243" count="5" type="cond" truecount="1" falsecount="1"/>
        <line num="244" count="0" type="stmt"/>
        <line num="252" count="5" type="stmt"/>
        <line num="253" count="5" type="stmt"/>
        <line num="254" count="5" type="stmt"/>
        <line num="255" count="5" type="stmt"/>
        <line num="256" count="3" type="stmt"/>
        <line num="257" count="0" type="stmt"/>
        <line num="259" count="0" type="stmt"/>
        <line num="262" count="5" type="cond" truecount="1" falsecount="1"/>
        <line num="263" count="0" type="stmt"/>
        <line num="268" count="0" type="stmt"/>
        <line num="271" count="5" type="cond" truecount="2" falsecount="0"/>
        <line num="272" count="5" type="cond" truecount="2" falsecount="0"/>
        <line num="273" count="1" type="stmt"/>
        <line num="275" count="4" type="stmt"/>
        <line num="276" count="4" type="cond" truecount="2" falsecount="0"/>
        <line num="277" count="1" type="stmt"/>
        <line num="282" count="1" type="stmt"/>
        <line num="285" count="3" type="stmt"/>
        <line num="286" count="3" type="stmt"/>
        <line num="293" count="0" type="cond" truecount="0" falsecount="2"/>
        <line num="294" count="0" type="stmt"/>
        <line num="306" count="2" type="stmt"/>
        <line num="307" count="2" type="stmt"/>
        <line num="308" count="2" type="cond" truecount="2" falsecount="0"/>
        <line num="309" count="1" type="stmt"/>
        <line num="311" count="1" type="stmt"/>
        <line num="312" count="1" type="stmt"/>
        <line num="313" count="1" type="stmt"/>
        <line num="314" count="2" type="stmt"/>
        <line num="319" count="1" type="stmt"/>
        <line num="324" count="0" type="stmt"/>
        <line num="330" count="1" type="stmt"/>
        <line num="332" count="0" type="cond" truecount="0" falsecount="2"/>
        <line num="333" count="0" type="stmt"/>
        <line num="345" count="1" type="stmt"/>
        <line num="346" count="1" type="stmt"/>
      </file>
      <file name="index.ts" path="/home/user/shinobi-wan/packages/kernel/src/facade/index.ts">
        <metrics statements="0" coveredstatements="0" conditionals="0" coveredconditionals="0" methods="0" coveredmethods="0"/>
      </file>
    </package>
  </project>
</coverage>
