{"/home/user/shinobi-wan/packages/kernel/src/compilation-pipeline.ts": {"path":"/home/user/shinobi-wan/packages/kernel/src/compilation-pipeline.ts","statementMap":{"0":{"start":{"line":30,"column":8},"end":{"line":30,"column":null}},"1":{"start":{"line":31,"column":46},"end":{"line":35,"column":null}},"2":{"start":{"line":38,"column":8},"end":{"line":38,"column":null}},"3":{"start":{"line":39,"column":2},"end":{"line":47,"column":null}},"4":{"start":{"line":40,"column":4},"end":{"line":46,"column":null}},"5":{"start":{"line":50,"column":35},"end":{"line":50,"column":null}},"6":{"start":{"line":53,"column":2},"end":{"line":66,"column":null}},"7":{"start":{"line":54,"column":10},"end":{"line":54,"column":null}},"8":{"start":{"line":55,"column":4},"end":{"line":65,"column":null}},"9":{"start":{"line":56,"column":22},"end":{"line":59,"column":null}},"10":{"start":{"line":56,"column":58},"end":{"line":59,"column":8}},"11":{"start":{"line":60,"column":6},"end":{"line":64,"column":null}},"12":{"start":{"line":70,"column":2},"end":{"line":78,"column":null}},"13":{"start":{"line":71,"column":4},"end":{"line":77,"column":null}},"14":{"start":{"line":81,"column":2},"end":{"line":88,"column":null}},"15":{"start":{"line":101,"column":31},"end":{"line":101,"column":null}},"16":{"start":{"line":102,"column":46},"end":{"line":102,"column":null}},"17":{"start":{"line":105,"column":18},"end":{"line":105,"column":null}},"18":{"start":{"line":106,"column":2},"end":{"line":108,"column":null}},"19":{"start":{"line":107,"column":4},"end":{"line":107,"column":null}},"20":{"start":{"line":110,"column":2},"end":{"line":145,"column":null}},"21":{"start":{"line":111,"column":23},"end":{"line":111,"column":null}},"22":{"start":{"line":112,"column":23},"end":{"line":112,"column":null}},"23":{"start":{"line":114,"column":4},"end":{"line":123,"column":null}},"24":{"start":{"line":116,"column":6},"end":{"line":121,"column":null}},"25":{"start":{"line":122,"column":6},"end":{"line":122,"column":null}},"26":{"start":{"line":125,"column":19},"end":{"line":125,"column":null}},"27":{"start":{"line":126,"column":4},"end":{"line":134,"column":null}},"28":{"start":{"line":127,"column":6},"end":{"line":132,"column":null}},"29":{"start":{"line":133,"column":6},"end":{"line":133,"column":null}},"30":{"start":{"line":136,"column":19},"end":{"line":141,"column":null}},"31":{"start":{"line":143,"column":4},"end":{"line":143,"column":null}},"32":{"start":{"line":144,"column":4},"end":{"line":144,"column":null}},"33":{"start":{"line":148,"column":2},"end":{"line":152,"column":null}},"34":{"start":{"line":149,"column":20},"end":{"line":149,"column":null}},"35":{"start":{"line":150,"column":4},"end":{"line":150,"column":null}},"36":{"start":{"line":150,"column":23},"end":{"line":150,"column":null}},"37":{"start":{"line":151,"column":4},"end":{"line":151,"column":null}},"38":{"start":{"line":154,"column":2},"end":{"line":154,"column":null}},"39":{"start":{"line":166,"column":2},"end":{"line":173,"column":null}},"40":{"start":{"line":167,"column":4},"end":{"line":172,"column":null}},"41":{"start":{"line":169,"column":8},"end":{"line":171,"column":null}},"42":{"start":{"line":189,"column":20},"end":{"line":191,"column":null}},"43":{"start":{"line":190,"column":4},"end":{"line":190,"column":null}},"44":{"start":{"line":193,"column":2},"end":{"line":198,"column":null}},"45":{"start":{"line":194,"column":27},"end":{"line":196,"column":null}},"46":{"start":{"line":195,"column":43},"end":{"line":195,"column":64}},"47":{"start":{"line":197,"column":4},"end":{"line":197,"column":null}},"48":{"start":{"line":200,"column":21},"end":{"line":207,"column":null}},"49":{"start":{"line":210,"column":48},"end":{"line":214,"column":null}},"50":{"start":{"line":215,"column":2},"end":{"line":222,"column":null}},"51":{"start":{"line":216,"column":10},"end":{"line":217,"column":null}},"52":{"start":{"line":218,"column":4},"end":{"line":218,"column":null}},"53":{"start":{"line":218,"column":22},"end":{"line":218,"column":null}},"54":{"start":{"line":219,"column":20},"end":{"line":219,"column":null}},"55":{"start":{"line":220,"column":4},"end":{"line":220,"column":null}},"56":{"start":{"line":220,"column":23},"end":{"line":220,"column":null}},"57":{"start":{"line":221,"column":4},"end":{"line":221,"column":null}},"58":{"start":{"line":224,"column":2},"end":{"line":228,"column":null}},"59":{"start":{"line":226,"column":39},"end":{"line":226,"column":61}}},"fnMap":{"0":{"name":"compilePipeline","decl":{"start":{"line":24,"column":16},"end":{"line":24,"column":null}},"loc":{"start":{"line":29,"column":21},"end":{"line":89,"column":null}},"line":29},"1":{"name":"(anonymous_1)","decl":{"start":{"line":56,"column":50},"end":{"line":56,"column":51}},"loc":{"start":{"line":56,"column":58},"end":{"line":59,"column":8}},"line":56},"2":{"name":"bindEdges","decl":{"start":{"line":96,"column":9},"end":{"line":96,"column":null}},"loc":{"start":{"line":100,"column":59},"end":{"line":155,"column":null}},"line":100},"3":{"name":"(anonymous_3)","decl":{"start":{"line":148,"column":18},"end":{"line":148,"column":19}},"loc":{"start":{"line":148,"column":28},"end":{"line":152,"column":3}},"line":148},"4":{"name":"findBinder","decl":{"start":{"line":160,"column":9},"end":{"line":160,"column":null}},"loc":{"start":{"line":165,"column":23},"end":{"line":174,"column":null}},"line":165},"5":{"name":"(anonymous_5)","decl":{"start":{"line":166,"column":22},"end":{"line":166,"column":23}},"loc":{"start":{"line":167,"column":4},"end":{"line":172,"column":null}},"line":167},"6":{"name":"(anonymous_6)","decl":{"start":{"line":168,"column":6},"end":{"line":168,"column":7}},"loc":{"start":{"line":169,"column":8},"end":{"line":171,"column":null}},"line":169},"7":{"name":"evaluatePolicy","decl":{"start":{"line":182,"column":9},"end":{"line":182,"column":null}},"loc":{"start":{"line":188,"column":16},"end":{"line":229,"column":null}},"line":188},"8":{"name":"(anonymous_8)","decl":{"start":{"line":189,"column":36},"end":{"line":189,"column":37}},"loc":{"start":{"line":190,"column":4},"end":{"line":190,"column":null}},"line":190},"9":{"name":"(anonymous_9)","decl":{"start":{"line":195,"column":36},"end":{"line":195,"column":37}},"loc":{"start":{"line":195,"column":43},"end":{"line":195,"column":64}},"line":195},"10":{"name":"(anonymous_10)","decl":{"start":{"line":215,"column":18},"end":{"line":215,"column":19}},"loc":{"start":{"line":215,"column":28},"end":{"line":222,"column":3}},"line":215},"11":{"name":"(anonymous_11)","decl":{"start":{"line":226,"column":32},"end":{"line":226,"column":33}},"loc":{"start":{"line":226,"column":39},"end":{"line":226,"column":61}},"line":226}},"branchMap":{"0":{"loc":{"start":{"line":31,"column":46},"end":{"line":35,"column":null}},"type":"binary-expr","locations":[{"start":{"line":31,"column":46},"end":{"line":31,"column":74}},{"start":{"line":31,"column":74},"end":{"line":35,"column":null}}],"line":31},"1":{"loc":{"start":{"line":39,"column":2},"end":{"line":47,"column":null}},"type":"if","locations":[{"start":{"line":39,"column":2},"end":{"line":47,"column":null}},{"start":{},"end":{}}],"line":39},"2":{"loc":{"start":{"line":55,"column":4},"end":{"line":65,"column":null}},"type":"if","locations":[{"start":{"line":55,"column":4},"end":{"line":65,"column":null}},{"start":{},"end":{}}],"line":55},"3":{"loc":{"start":{"line":70,"column":2},"end":{"line":78,"column":null}},"type":"if","locations":[{"start":{"line":70,"column":2},"end":{"line":78,"column":null}},{"start":{},"end":{}}],"line":70},"4":{"loc":{"start":{"line":114,"column":4},"end":{"line":123,"column":null}},"type":"if","locations":[{"start":{"line":114,"column":4},"end":{"line":123,"column":null}},{"start":{},"end":{}}],"line":114},"5":{"loc":{"start":{"line":114,"column":8},"end":{"line":114,"column":36}},"type":"binary-expr","locations":[{"start":{"line":114,"column":8},"end":{"line":114,"column":23}},{"start":{"line":114,"column":23},"end":{"line":114,"column":36}}],"line":114},"6":{"loc":{"start":{"line":126,"column":4},"end":{"line":134,"column":null}},"type":"if","locations":[{"start":{"line":126,"column":4},"end":{"line":134,"column":null}},{"start":{},"end":{}}],"line":126},"7":{"loc":{"start":{"line":150,"column":4},"end":{"line":150,"column":null}},"type":"if","locations":[{"start":{"line":150,"column":4},"end":{"line":150,"column":null}},{"start":{},"end":{}}],"line":150},"8":{"loc":{"start":{"line":169,"column":8},"end":{"line":171,"column":null}},"type":"binary-expr","locations":[{"start":{"line":169,"column":8},"end":{"line":169,"column":null}},{"start":{"line":170,"column":8},"end":{"line":170,"column":null}},{"start":{"line":171,"column":8},"end":{"line":171,"column":null}}],"line":169},"9":{"loc":{"start":{"line":193,"column":2},"end":{"line":198,"column":null}},"type":"if","locations":[{"start":{"line":193,"column":2},"end":{"line":198,"column":null}},{"start":{},"end":{}}],"line":193},"10":{"loc":{"start":{"line":217,"column":7},"end":{"line":217,"column":42}},"type":"binary-expr","locations":[{"start":{"line":217,"column":7},"end":{"line":217,"column":36}},{"start":{"line":217,"column":36},"end":{"line":217,"column":42}}],"line":217},"11":{"loc":{"start":{"line":217,"column":42},"end":{"line":217,"column":null}},"type":"binary-expr","locations":[{"start":{"line":217,"column":42},"end":{"line":217,"column":71}},{"start":{"line":217,"column":71},"end":{"line":217,"column":null}}],"line":217},"12":{"loc":{"start":{"line":218,"column":4},"end":{"line":218,"column":null}},"type":"if","locations":[{"start":{"line":218,"column":4},"end":{"line":218,"column":null}},{"start":{},"end":{}}],"line":218},"13":{"loc":{"start":{"line":220,"column":4},"end":{"line":220,"column":null}},"type":"if","locations":[{"start":{"line":220,"column":4},"end":{"line":220,"column":null}},{"start":{},"end":{}}],"line":220}},"s":{"0":23,"1":23,"2":23,"3":23,"4":1,"5":22,"6":22,"7":10,"8":10,"9":0,"10":0,"11":0,"12":22,"13":5,"14":21,"15":22,"16":22,"17":22,"18":22,"19":28,"20":22,"21":12,"22":12,"23":12,"24":0,"25":0,"26":12,"27":12,"28":4,"29":4,"30":8,"31":8,"32":8,"33":22,"34":5,"35":5,"36":3,"37":2,"38":22,"39":12,"40":8,"41":8,"42":5,"43":4,"44":5,"45":1,"46":0,"47":1,"48":4,"49":4,"50":4,"51":0,"52":0,"53":0,"54":0,"55":0,"56":0,"57":0,"58":4,"59":2},"f":{"0":23,"1":0,"2":22,"3":5,"4":12,"5":8,"6":8,"7":5,"8":4,"9":0,"10":0,"11":2},"b":{"0":[23,23],"1":[1,22],"2":[0,10],"3":[5,17],"4":[0,12],"5":[12,12],"6":[4,8],"7":[3,2],"8":[8,8,8],"9":[1,4],"10":[0,0],"11":[0,0],"12":[0,0],"13":[0,0]},"meta":{"lastBranch":14,"lastFunction":12,"lastStatement":60,"seen":{"f:24:16:24:Infinity":0,"s:30:8:30:Infinity":0,"s:31:46:35:Infinity":1,"b:31:46:31:74:31:74:35:Infinity":0,"s:38:8:38:Infinity":2,"b:39:2:47:Infinity:undefined:undefined:undefined:undefined":1,"s:39:2:47:Infinity":3,"s:40:4:46:Infinity":4,"s:50:35:50:Infinity":5,"s:53:2:66:Infinity":6,"s:54:10:54:Infinity":7,"b:55:4:65:Infinity:undefined:undefined:undefined:undefined":2,"s:55:4:65:Infinity":8,"s:56:22:59:Infinity":9,"f:56:50:56:51":1,"s:56:58:59:8":10,"s:60:6:64:Infinity":11,"b:70:2:78:Infinity:undefined:undefined:undefined:undefined":3,"s:70:2:78:Infinity":12,"s:71:4:77:Infinity":13,"s:81:2:88:Infinity":14,"f:96:9:96:Infinity":2,"s:101:31:101:Infinity":15,"s:102:46:102:Infinity":16,"s:105:18:105:Infinity":17,"s:106:2:108:Infinity":18,"s:107:4:107:Infinity":19,"s:110:2:145:Infinity":20,"s:111:23:111:Infinity":21,"s:112:23:112:Infinity":22,"b:114:4:123:Infinity:undefined:undefined:undefined:undefined":4,"s:114:4:123:Infinity":23,"b:114:8:114:23:114:23:114:36":5,"s:116:6:121:Infinity":24,"s:122:6:122:Infinity":25,"s:125:19:125:Infinity":26,"b:126:4:134:Infinity:undefined:undefined:undefined:undefined":6,"s:126:4:134:Infinity":27,"s:127:6:132:Infinity":28,"s:133:6:133:Infinity":29,"s:136:19:141:Infinity":30,"s:143:4:143:Infinity":31,"s:144:4:144:Infinity":32,"s:148:2:152:Infinity":33,"f:148:18:148:19":3,"s:149:20:149:Infinity":34,"b:150:4:150:Infinity:undefined:undefined:undefined:undefined":7,"s:150:4:150:Infinity":35,"s:150:23:150:Infinity":36,"s:151:4:151:Infinity":37,"s:154:2:154:Infinity":38,"f:160:9:160:Infinity":4,"s:166:2:173:Infinity":39,"f:166:22:166:23":5,"s:167:4:172:Infinity":40,"f:168:6:168:7":6,"s:169:8:171:Infinity":41,"b:169:8:169:Infinity:170:8:170:Infinity:171:8:171:Infinity":8,"f:182:9:182:Infinity":7,"s:189:20:191:Infinity":42,"f:189:36:189:37":8,"s:190:4:190:Infinity":43,"b:193:2:198:Infinity:undefined:undefined:undefined:undefined":9,"s:193:2:198:Infinity":44,"s:194:27:196:Infinity":45,"f:195:36:195:37":9,"s:195:43:195:64":46,"s:197:4:197:Infinity":47,"s:200:21:207:Infinity":48,"s:210:48:214:Infinity":49,"s:215:2:222:Infinity":50,"f:215:18:215:19":10,"s:216:10:217:Infinity":51,"b:217:7:217:36:217:36:217:42":10,"b:217:42:217:71:217:71:217:Infinity":11,"b:218:4:218:Infinity:undefined:undefined:undefined:undefined":12,"s:218:4:218:Infinity":52,"s:218:22:218:Infinity":53,"s:219:20:219:Infinity":54,"b:220:4:220:Infinity:undefined:undefined:undefined:undefined":13,"s:220:4:220:Infinity":55,"s:220:23:220:Infinity":56,"s:221:4:221:Infinity":57,"s:224:2:228:Infinity":58,"f:226:32:226:33":11,"s:226:39:226:61":59}}}
,"/home/user/shinobi-wan/packages/kernel/src/config.ts": {"path":"/home/user/shinobi-wan/packages/kernel/src/config.ts","statementMap":{"0":{"start":{"line":8,"column":26},"end":{"line":8,"column":null}},"1":{"start":{"line":23,"column":2},"end":{"line":25,"column":null}},"2":{"start":{"line":24,"column":4},"end":{"line":24,"column":null}},"3":{"start":{"line":27,"column":2},"end":{"line":44,"column":null}},"4":{"start":{"line":28,"column":4},"end":{"line":43,"column":null}},"5":{"start":{"line":31,"column":25},"end":{"line":31,"column":null}},"6":{"start":{"line":32,"column":8},"end":{"line":34,"column":null}},"7":{"start":{"line":33,"column":10},"end":{"line":33,"column":null}},"8":{"start":{"line":35,"column":8},"end":{"line":37,"column":null}},"9":{"start":{"line":36,"column":10},"end":{"line":36,"column":null}},"10":{"start":{"line":38,"column":8},"end":{"line":41,"column":null}},"11":{"start":{"line":46,"column":2},"end":{"line":48,"column":null}},"12":{"start":{"line":47,"column":4},"end":{"line":47,"column":null}},"13":{"start":{"line":47,"column":31},"end":{"line":47,"column":70}},"14":{"start":{"line":50,"column":2},"end":{"line":56,"column":null}},"15":{"start":{"line":51,"column":44},"end":{"line":51,"column":null}},"16":{"start":{"line":52,"column":4},"end":{"line":54,"column":null}},"17":{"start":{"line":53,"column":6},"end":{"line":53,"column":null}},"18":{"start":{"line":55,"column":4},"end":{"line":55,"column":null}},"19":{"start":{"line":58,"column":2},"end":{"line":58,"column":null}},"20":{"start":{"line":73,"column":17},"end":{"line":73,"column":null}},"21":{"start":{"line":74,"column":22},"end":{"line":74,"column":null}},"22":{"start":{"line":77,"column":40},"end":{"line":77,"column":null}},"23":{"start":{"line":78,"column":2},"end":{"line":80,"column":null}},"24":{"start":{"line":79,"column":4},"end":{"line":79,"column":null}},"25":{"start":{"line":83,"column":23},"end":{"line":83,"column":null}},"26":{"start":{"line":88,"column":2},"end":{"line":88,"column":null}},"27":{"start":{"line":99,"column":42},"end":{"line":99,"column":null}},"28":{"start":{"line":101,"column":2},"end":{"line":120,"column":null}},"29":{"start":{"line":102,"column":21},"end":{"line":102,"column":null}},"30":{"start":{"line":103,"column":4},"end":{"line":119,"column":null}},"31":{"start":{"line":113,"column":6},"end":{"line":116,"column":null}},"32":{"start":{"line":118,"column":6},"end":{"line":118,"column":null}},"33":{"start":{"line":122,"column":2},"end":{"line":122,"column":null}}},"fnMap":{"0":{"name":"interpolateEnvTokens","decl":{"start":{"line":19,"column":16},"end":{"line":19,"column":null}},"loc":{"start":{"line":22,"column":11},"end":{"line":59,"column":null}},"line":22},"1":{"name":"(anonymous_1)","decl":{"start":{"line":30,"column":6},"end":{"line":30,"column":7}},"loc":{"start":{"line":30,"column":50},"end":{"line":42,"column":null}},"line":30},"2":{"name":"(anonymous_2)","decl":{"start":{"line":47,"column":21},"end":{"line":47,"column":22}},"loc":{"start":{"line":47,"column":31},"end":{"line":47,"column":70}},"line":47},"3":{"name":"resolveConfig","decl":{"start":{"line":70,"column":16},"end":{"line":70,"column":null}},"loc":{"start":{"line":72,"column":37},"end":{"line":89,"column":null}},"line":72},"4":{"name":"deepMerge","decl":{"start":{"line":95,"column":9},"end":{"line":95,"column":null}},"loc":{"start":{"line":98,"column":27},"end":{"line":123,"column":null}},"line":98}},"branchMap":{"0":{"loc":{"start":{"line":23,"column":2},"end":{"line":25,"column":null}},"type":"if","locations":[{"start":{"line":23,"column":2},"end":{"line":25,"column":null}},{"start":{},"end":{}}],"line":23},"1":{"loc":{"start":{"line":23,"column":6},"end":{"line":23,"column":45}},"type":"binary-expr","locations":[{"start":{"line":23,"column":6},"end":{"line":23,"column":24}},{"start":{"line":23,"column":24},"end":{"line":23,"column":45}}],"line":23},"2":{"loc":{"start":{"line":27,"column":2},"end":{"line":44,"column":null}},"type":"if","locations":[{"start":{"line":27,"column":2},"end":{"line":44,"column":null}},{"start":{},"end":{}}],"line":27},"3":{"loc":{"start":{"line":32,"column":8},"end":{"line":34,"column":null}},"type":"if","locations":[{"start":{"line":32,"column":8},"end":{"line":34,"column":null}},{"start":{},"end":{}}],"line":32},"4":{"loc":{"start":{"line":35,"column":8},"end":{"line":37,"column":null}},"type":"if","locations":[{"start":{"line":35,"column":8},"end":{"line":37,"column":null}},{"start":{},"end":{}}],"line":35},"5":{"loc":{"start":{"line":46,"column":2},"end":{"line":48,"column":null}},"type":"if","locations":[{"start":{"line":46,"column":2},"end":{"line":48,"column":null}},{"start":{},"end":{}}],"line":46},"6":{"loc":{"start":{"line":50,"column":2},"end":{"line":56,"column":null}},"type":"if","locations":[{"start":{"line":50,"column":2},"end":{"line":56,"column":null}},{"start":{},"end":{}}],"line":50},"7":{"loc":{"start":{"line":73,"column":17},"end":{"line":73,"column":null}},"type":"binary-expr","locations":[{"start":{"line":73,"column":17},"end":{"line":73,"column":34}},{"start":{"line":73,"column":34},"end":{"line":73,"column":null}}],"line":73},"8":{"loc":{"start":{"line":74,"column":22},"end":{"line":74,"column":null}},"type":"binary-expr","locations":[{"start":{"line":74,"column":22},"end":{"line":74,"column":44}},{"start":{"line":74,"column":44},"end":{"line":74,"column":null}}],"line":74},"9":{"loc":{"start":{"line":103,"column":4},"end":{"line":119,"column":null}},"type":"if","locations":[{"start":{"line":103,"column":4},"end":{"line":119,"column":null}},{"start":{"line":117,"column":11},"end":{"line":119,"column":null}}],"line":103},"10":{"loc":{"start":{"line":104,"column":6},"end":{"line":111,"column":null}},"type":"binary-expr","locations":[{"start":{"line":104,"column":6},"end":{"line":104,"column":null}},{"start":{"line":105,"column":6},"end":{"line":105,"column":null}},{"start":{"line":106,"column":6},"end":{"line":106,"column":null}},{"start":{"line":107,"column":6},"end":{"line":107,"column":null}},{"start":{"line":108,"column":6},"end":{"line":108,"column":null}},{"start":{"line":109,"column":6},"end":{"line":109,"column":null}},{"start":{"line":110,"column":6},"end":{"line":110,"column":null}},{"start":{"line":111,"column":6},"end":{"line":111,"column":null}}],"line":104}},"s":{"0":4,"1":61,"2":2,"3":59,"4":12,"5":11,"6":11,"7":8,"8":3,"9":2,"10":1,"11":47,"12":1,"13":2,"14":46,"15":34,"16":34,"17":17,"18":34,"19":12,"20":31,"21":31,"22":31,"23":31,"24":13,"25":31,"26":31,"27":14,"28":14,"29":17,"30":17,"31":1,"32":16,"33":14},"f":{"0":61,"1":11,"2":2,"3":31,"4":14},"b":{"0":[2,59],"1":[61,60],"2":[12,47],"3":[8,3],"4":[2,1],"5":[1,46],"6":[34,12],"7":[31,24],"8":[31,28],"9":[1,16],"10":[17,17,5,1,1,1,1,1]},"meta":{"lastBranch":11,"lastFunction":5,"lastStatement":34,"seen":{"s:8:26:8:Infinity":0,"f:19:16:19:Infinity":0,"b:23:2:25:Infinity:undefined:undefined:undefined:undefined":0,"s:23:2:25:Infinity":1,"b:23:6:23:24:23:24:23:45":1,"s:24:4:24:Infinity":2,"b:27:2:44:Infinity:undefined:undefined:undefined:undefined":2,"s:27:2:44:Infinity":3,"s:28:4:43:Infinity":4,"f:30:6:30:7":1,"s:31:25:31:Infinity":5,"b:32:8:34:Infinity:undefined:undefined:undefined:undefined":3,"s:32:8:34:Infinity":6,"s:33:10:33:Infinity":7,"b:35:8:37:Infinity:undefined:undefined:undefined:undefined":4,"s:35:8:37:Infinity":8,"s:36:10:36:Infinity":9,"s:38:8:41:Infinity":10,"b:46:2:48:Infinity:undefined:undefined:undefined:undefined":5,"s:46:2:48:Infinity":11,"s:47:4:47:Infinity":12,"f:47:21:47:22":2,"s:47:31:47:70":13,"b:50:2:56:Infinity:undefined:undefined:undefined:undefined":6,"s:50:2:56:Infinity":14,"s:51:44:51:Infinity":15,"s:52:4:54:Infinity":16,"s:53:6:53:Infinity":17,"s:55:4:55:Infinity":18,"s:58:2:58:Infinity":19,"f:70:16:70:Infinity":3,"s:73:17:73:Infinity":20,"b:73:17:73:34:73:34:73:Infinity":7,"s:74:22:74:Infinity":21,"b:74:22:74:44:74:44:74:Infinity":8,"s:77:40:77:Infinity":22,"s:78:2:80:Infinity":23,"s:79:4:79:Infinity":24,"s:83:23:83:Infinity":25,"s:88:2:88:Infinity":26,"f:95:9:95:Infinity":4,"s:99:42:99:Infinity":27,"s:101:2:120:Infinity":28,"s:102:21:102:Infinity":29,"b:103:4:119:Infinity:117:11:119:Infinity":9,"s:103:4:119:Infinity":30,"b:104:6:104:Infinity:105:6:105:Infinity:106:6:106:Infinity:107:6:107:Infinity:108:6:108:Infinity:109:6:109:Infinity:110:6:110:Infinity:111:6:111:Infinity":10,"s:113:6:116:Infinity":31,"s:118:6:118:Infinity":32,"s:122:2:122:Infinity":33}}}
,"/home/user/shinobi-wan/packages/kernel/src/errors.ts": {"path":"/home/user/shinobi-wan/packages/kernel/src/errors.ts","statementMap":{"0":{"start":{"line":22,"column":4},"end":{"line":25,"column":null}},"1":{"start":{"line":26,"column":4},"end":{"line":26,"column":null}},"2":{"start":{"line":27,"column":4},"end":{"line":27,"column":null}},"3":{"start":{"line":28,"column":4},"end":{"line":28,"column":null}},"4":{"start":{"line":40,"column":4},"end":{"line":40,"column":null}},"5":{"start":{"line":41,"column":4},"end":{"line":41,"column":null}},"6":{"start":{"line":42,"column":4},"end":{"line":42,"column":null}},"7":{"start":{"line":43,"column":4},"end":{"line":43,"column":null}},"8":{"start":{"line":55,"column":4},"end":{"line":57,"column":null}},"9":{"start":{"line":58,"column":4},"end":{"line":58,"column":null}},"10":{"start":{"line":59,"column":4},"end":{"line":59,"column":null}},"11":{"start":{"line":60,"column":4},"end":{"line":60,"column":null}}},"fnMap":{"0":{"name":"(anonymous_0)","decl":{"start":{"line":17,"column":2},"end":{"line":17,"column":null}},"loc":{"start":{"line":21,"column":4},"end":{"line":29,"column":null}},"line":21},"1":{"name":"(anonymous_1)","decl":{"start":{"line":39,"column":2},"end":{"line":39,"column":14}},"loc":{"start":{"line":39,"column":43},"end":{"line":44,"column":null}},"line":39},"2":{"name":"(anonymous_2)","decl":{"start":{"line":54,"column":2},"end":{"line":54,"column":14}},"loc":{"start":{"line":54,"column":76},"end":{"line":61,"column":null}},"line":54}},"branchMap":{"0":{"loc":{"start":{"line":23,"column":6},"end":{"line":24,"column":null}},"type":"binary-expr","locations":[{"start":{"line":23,"column":6},"end":{"line":23,"column":null}},{"start":{"line":24,"column":8},"end":{"line":24,"column":null}}],"line":23}},"s":{"0":0,"1":0,"2":0,"3":0,"4":1,"5":1,"6":1,"7":1,"8":1,"9":1,"10":1,"11":1},"f":{"0":0,"1":1,"2":1},"b":{"0":[0,0]},"meta":{"lastBranch":1,"lastFunction":3,"lastStatement":12,"seen":{"f:17:2:17:Infinity":0,"s:22:4:25:Infinity":0,"b:23:6:23:Infinity:24:8:24:Infinity":0,"s:26:4:26:Infinity":1,"s:27:4:27:Infinity":2,"s:28:4:28:Infinity":3,"f:39:2:39:14":1,"s:40:4:40:Infinity":4,"s:41:4:41:Infinity":5,"s:42:4:42:Infinity":6,"s:43:4:43:Infinity":7,"f:54:2:54:14":2,"s:55:4:57:Infinity":8,"s:58:4:58:Infinity":9,"s:59:4:59:Infinity":10,"s:60:4:60:Infinity":11}}}
,"/home/user/shinobi-wan/packages/kernel/src/explain.ts": {"path":"/home/user/shinobi-wan/packages/kernel/src/explain.ts","statementMap":{"0":{"start":{"line":39,"column":30},"end":{"line":39,"column":null}},"1":{"start":{"line":41,"column":16},"end":{"line":41,"column":null}},"2":{"start":{"line":41,"column":57},"end":{"line":41,"column":66}},"3":{"start":{"line":43,"column":2},"end":{"line":56,"column":null}},"4":{"start":{"line":44,"column":17},"end":{"line":44,"column":null}},"5":{"start":{"line":45,"column":4},"end":{"line":55,"column":null}},"6":{"start":{"line":58,"column":2},"end":{"line":71,"column":null}},"7":{"start":{"line":59,"column":4},"end":{"line":70,"column":null}},"8":{"start":{"line":73,"column":2},"end":{"line":84,"column":null}},"9":{"start":{"line":74,"column":27},"end":{"line":76,"column":null}},"10":{"start":{"line":77,"column":4},"end":{"line":83,"column":null}},"11":{"start":{"line":87,"column":2},"end":{"line":91,"column":null}},"12":{"start":{"line":88,"column":20},"end":{"line":88,"column":null}},"13":{"start":{"line":89,"column":4},"end":{"line":89,"column":null}},"14":{"start":{"line":89,"column":23},"end":{"line":89,"column":null}},"15":{"start":{"line":90,"column":4},"end":{"line":90,"column":null}},"16":{"start":{"line":93,"column":2},"end":{"line":93,"column":null}}},"fnMap":{"0":{"name":"explainCompilation","decl":{"start":{"line":38,"column":16},"end":{"line":38,"column":35}},"loc":{"start":{"line":38,"column":73},"end":{"line":94,"column":null}},"line":38},"1":{"name":"(anonymous_1)","decl":{"start":{"line":41,"column":50},"end":{"line":41,"column":51}},"loc":{"start":{"line":41,"column":57},"end":{"line":41,"column":66}},"line":41},"2":{"name":"(anonymous_2)","decl":{"start":{"line":87,"column":15},"end":{"line":87,"column":16}},"loc":{"start":{"line":87,"column":25},"end":{"line":91,"column":3}},"line":87}},"branchMap":{"0":{"loc":{"start":{"line":48,"column":15},"end":{"line":50,"column":null}},"type":"cond-expr","locations":[{"start":{"line":49,"column":10},"end":{"line":49,"column":null}},{"start":{"line":50,"column":10},"end":{"line":50,"column":null}}],"line":48},"1":{"loc":{"start":{"line":53,"column":12},"end":{"line":53,"column":null}},"type":"cond-expr","locations":[{"start":{"line":53,"column":19},"end":{"line":53,"column":78}},{"start":{"line":53,"column":78},"end":{"line":53,"column":null}}],"line":53},"2":{"loc":{"start":{"line":64,"column":10},"end":{"line":69,"column":null}},"type":"cond-expr","locations":[{"start":{"line":65,"column":10},"end":{"line":68,"column":null}},{"start":{"line":69,"column":10},"end":{"line":69,"column":null}}],"line":64},"3":{"loc":{"start":{"line":73,"column":18},"end":{"line":73,"column":51}},"type":"binary-expr","locations":[{"start":{"line":73,"column":18},"end":{"line":73,"column":47}},{"start":{"line":73,"column":47},"end":{"line":73,"column":51}}],"line":73},"4":{"loc":{"start":{"line":74,"column":27},"end":{"line":76,"column":null}},"type":"cond-expr","locations":[{"start":{"line":75,"column":8},"end":{"line":75,"column":null}},{"start":{"line":76,"column":8},"end":{"line":76,"column":null}}],"line":74},"5":{"loc":{"start":{"line":89,"column":4},"end":{"line":89,"column":null}},"type":"if","locations":[{"start":{"line":89,"column":4},"end":{"line":89,"column":null}},{"start":{},"end":{}}],"line":89}},"s":{"0":4,"1":4,"2":4,"3":4,"4":1,"5":1,"6":4,"7":3,"8":4,"9":0,"10":0,"11":4,"12":0,"13":0,"14":0,"15":0,"16":4},"f":{"0":4,"1":4,"2":0},"b":{"0":[1,0],"1":[1,0],"2":[3,0],"3":[4,4],"4":[0,0],"5":[0,0]},"meta":{"lastBranch":6,"lastFunction":3,"lastStatement":17,"seen":{"f:38:16:38:35":0,"s:39:30:39:Infinity":0,"s:41:16:41:Infinity":1,"f:41:50:41:51":1,"s:41:57:41:66":2,"s:43:2:56:Infinity":3,"s:44:17:44:Infinity":4,"s:45:4:55:Infinity":5,"b:49:10:49:Infinity:50:10:50:Infinity":0,"b:53:19:53:78:53:78:53:Infinity":1,"s:58:2:71:Infinity":6,"s:59:4:70:Infinity":7,"b:65:10:68:Infinity:69:10:69:Infinity":2,"s:73:2:84:Infinity":8,"b:73:18:73:47:73:47:73:51":3,"s:74:27:76:Infinity":9,"b:75:8:75:Infinity:76:8:76:Infinity":4,"s:77:4:83:Infinity":10,"s:87:2:91:Infinity":11,"f:87:15:87:16":2,"s:88:20:88:Infinity":12,"b:89:4:89:Infinity:undefined:undefined:undefined:undefined":5,"s:89:4:89:Infinity":13,"s:89:23:89:Infinity":14,"s:90:4:90:Infinity":15,"s:93:2:93:Infinity":16}}}
,"/home/user/shinobi-wan/packages/kernel/src/freeze.ts": {"path":"/home/user/shinobi-wan/packages/kernel/src/freeze.ts","statementMap":{"0":{"start":{"line":8,"column":2},"end":{"line":10,"column":null}},"1":{"start":{"line":9,"column":4},"end":{"line":9,"column":null}},"2":{"start":{"line":12,"column":2},"end":{"line":14,"column":null}},"3":{"start":{"line":13,"column":4},"end":{"line":13,"column":null}},"4":{"start":{"line":16,"column":2},"end":{"line":16,"column":null}},"5":{"start":{"line":18,"column":2},"end":{"line":26,"column":null}},"6":{"start":{"line":19,"column":4},"end":{"line":21,"column":null}},"7":{"start":{"line":20,"column":6},"end":{"line":20,"column":null}},"8":{"start":{"line":23,"column":4},"end":{"line":25,"column":null}},"9":{"start":{"line":24,"column":6},"end":{"line":24,"column":null}},"10":{"start":{"line":28,"column":2},"end":{"line":28,"column":null}}},"fnMap":{"0":{"name":"deepFreeze","decl":{"start":{"line":7,"column":16},"end":{"line":7,"column":30}},"loc":{"start":{"line":7,"column":51},"end":{"line":29,"column":null}},"line":7}},"branchMap":{"0":{"loc":{"start":{"line":8,"column":2},"end":{"line":10,"column":null}},"type":"if","locations":[{"start":{"line":8,"column":2},"end":{"line":10,"column":null}},{"start":{},"end":{}}],"line":8},"1":{"loc":{"start":{"line":8,"column":6},"end":{"line":8,"column":68}},"type":"binary-expr","locations":[{"start":{"line":8,"column":6},"end":{"line":8,"column":22}},{"start":{"line":8,"column":22},"end":{"line":8,"column":43}},{"start":{"line":8,"column":43},"end":{"line":8,"column":68}}],"line":8},"2":{"loc":{"start":{"line":12,"column":2},"end":{"line":14,"column":null}},"type":"if","locations":[{"start":{"line":12,"column":2},"end":{"line":14,"column":null}},{"start":{},"end":{}}],"line":12},"3":{"loc":{"start":{"line":18,"column":2},"end":{"line":26,"column":null}},"type":"if","locations":[{"start":{"line":18,"column":2},"end":{"line":26,"column":null}},{"start":{"line":22,"column":9},"end":{"line":26,"column":null}}],"line":18}},"s":{"0":787,"1":361,"2":426,"3":46,"4":380,"5":380,"6":116,"7":60,"8":264,"9":661,"10":380},"f":{"0":787},"b":{"0":[361,426],"1":[787,786,768],"2":[46,380],"3":[116,264]},"meta":{"lastBranch":4,"lastFunction":1,"lastStatement":11,"seen":{"f:7:16:7:30":0,"b:8:2:10:Infinity:undefined:undefined:undefined:undefined":0,"s:8:2:10:Infinity":0,"b:8:6:8:22:8:22:8:43:8:43:8:68":1,"s:9:4:9:Infinity":1,"b:12:2:14:Infinity:undefined:undefined:undefined:undefined":2,"s:12:2:14:Infinity":2,"s:13:4:13:Infinity":3,"s:16:2:16:Infinity":4,"b:18:2:26:Infinity:22:9:26:Infinity":3,"s:18:2:26:Infinity":5,"s:19:4:21:Infinity":6,"s:20:6:20:Infinity":7,"s:23:4:25:Infinity":8,"s:24:6:24:Infinity":9,"s:28:2:28:Infinity":10}}}
,"/home/user/shinobi-wan/packages/kernel/src/kernel.ts": {"path":"/home/user/shinobi-wan/packages/kernel/src/kernel.ts","statementMap":{"0":{"start":{"line":54,"column":4},"end":{"line":54,"column":null}},"1":{"start":{"line":55,"column":4},"end":{"line":55,"column":null}},"2":{"start":{"line":56,"column":4},"end":{"line":56,"column":null}},"3":{"start":{"line":57,"column":4},"end":{"line":57,"column":null}},"4":{"start":{"line":65,"column":4},"end":{"line":65,"column":null}},"5":{"start":{"line":73,"column":17},"end":{"line":73,"column":null}},"6":{"start":{"line":74,"column":4},"end":{"line":74,"column":null}},"7":{"start":{"line":81,"column":17},"end":{"line":81,"column":null}},"8":{"start":{"line":82,"column":4},"end":{"line":82,"column":null}},"9":{"start":{"line":89,"column":17},"end":{"line":89,"column":null}},"10":{"start":{"line":90,"column":4},"end":{"line":90,"column":null}},"11":{"start":{"line":97,"column":4},"end":{"line":97,"column":null}},"12":{"start":{"line":103,"column":4},"end":{"line":103,"column":null}},"13":{"start":{"line":107,"column":4},"end":{"line":107,"column":null}},"14":{"start":{"line":111,"column":4},"end":{"line":111,"column":null}},"15":{"start":{"line":115,"column":4},"end":{"line":115,"column":null}},"16":{"start":{"line":119,"column":4},"end":{"line":119,"column":null}},"17":{"start":{"line":123,"column":4},"end":{"line":123,"column":null}}},"fnMap":{"0":{"name":"(anonymous_0)","decl":{"start":{"line":53,"column":2},"end":{"line":53,"column":14}},"loc":{"start":{"line":53,"column":39},"end":{"line":58,"column":null}},"line":53},"1":{"name":"(anonymous_1)","decl":{"start":{"line":64,"column":2},"end":{"line":64,"column":16}},"loc":{"start":{"line":64,"column":73},"end":{"line":66,"column":null}},"line":64},"2":{"name":"(anonymous_2)","decl":{"start":{"line":72,"column":2},"end":{"line":72,"column":38}},"loc":{"start":{"line":72,"column":38},"end":{"line":75,"column":null}},"line":72},"3":{"name":"(anonymous_3)","decl":{"start":{"line":80,"column":2},"end":{"line":80,"column":31}},"loc":{"start":{"line":80,"column":31},"end":{"line":83,"column":null}},"line":80},"4":{"name":"(anonymous_4)","decl":{"start":{"line":88,"column":2},"end":{"line":88,"column":31}},"loc":{"start":{"line":88,"column":31},"end":{"line":91,"column":null}},"line":88},"5":{"name":"(anonymous_5)","decl":{"start":{"line":96,"column":2},"end":{"line":96,"column":57}},"loc":{"start":{"line":96,"column":57},"end":{"line":98,"column":null}},"line":96},"6":{"name":"(anonymous_6)","decl":{"start":{"line":102,"column":2},"end":{"line":102,"column":10}},"loc":{"start":{"line":102,"column":40},"end":{"line":104,"column":null}},"line":102},"7":{"name":"(anonymous_7)","decl":{"start":{"line":106,"column":2},"end":{"line":106,"column":10}},"loc":{"start":{"line":106,"column":40},"end":{"line":108,"column":null}},"line":106},"8":{"name":"(anonymous_8)","decl":{"start":{"line":110,"column":2},"end":{"line":110,"column":14}},"loc":{"start":{"line":110,"column":55},"end":{"line":112,"column":null}},"line":110},"9":{"name":"(anonymous_9)","decl":{"start":{"line":114,"column":2},"end":{"line":114,"column":10}},"loc":{"start":{"line":114,"column":31},"end":{"line":116,"column":null}},"line":114},"10":{"name":"(anonymous_10)","decl":{"start":{"line":118,"column":2},"end":{"line":118,"column":10}},"loc":{"start":{"line":118,"column":31},"end":{"line":120,"column":null}},"line":118},"11":{"name":"(anonymous_11)","decl":{"start":{"line":122,"column":2},"end":{"line":122,"column":14}},"loc":{"start":{"line":122,"column":35},"end":{"line":124,"column":null}},"line":122}},"branchMap":{"0":{"loc":{"start":{"line":55,"column":18},"end":{"line":55,"column":null}},"type":"binary-expr","locations":[{"start":{"line":55,"column":18},"end":{"line":55,"column":37}},{"start":{"line":55,"column":37},"end":{"line":55,"column":null}}],"line":55},"1":{"loc":{"start":{"line":56,"column":19},"end":{"line":56,"column":null}},"type":"binary-expr","locations":[{"start":{"line":56,"column":19},"end":{"line":56,"column":39}},{"start":{"line":56,"column":39},"end":{"line":56,"column":null}}],"line":56},"2":{"loc":{"start":{"line":57,"column":22},"end":{"line":57,"column":null}},"type":"binary-expr","locations":[{"start":{"line":57,"column":22},"end":{"line":57,"column":45}},{"start":{"line":57,"column":45},"end":{"line":57,"column":null}}],"line":57}},"s":{"0":20,"1":20,"2":20,"3":20,"4":18,"5":1,"6":1,"7":1,"8":1,"9":10,"10":10,"11":1,"12":2,"13":2,"14":1,"15":2,"16":2,"17":1},"f":{"0":20,"1":18,"2":1,"3":1,"4":10,"5":1,"6":2,"7":2,"8":1,"9":2,"10":2,"11":1},"b":{"0":[20,16],"1":[20,13],"2":[20,13]},"meta":{"lastBranch":3,"lastFunction":12,"lastStatement":18,"seen":{"f:53:2:53:14":0,"s:54:4:54:Infinity":0,"s:55:4:55:Infinity":1,"b:55:18:55:37:55:37:55:Infinity":0,"s:56:4:56:Infinity":2,"b:56:19:56:39:56:39:56:Infinity":1,"s:57:4:57:Infinity":3,"b:57:22:57:45:57:45:57:Infinity":2,"f:64:2:64:16":1,"s:65:4:65:Infinity":4,"f:72:2:72:38":2,"s:73:17:73:Infinity":5,"s:74:4:74:Infinity":6,"f:80:2:80:31":3,"s:81:17:81:Infinity":7,"s:82:4:82:Infinity":8,"f:88:2:88:31":4,"s:89:17:89:Infinity":9,"s:90:4:90:Infinity":10,"f:96:2:96:57":5,"s:97:4:97:Infinity":11,"f:102:2:102:10":6,"s:103:4:103:Infinity":12,"f:106:2:106:10":7,"s:107:4:107:Infinity":13,"f:110:2:110:14":8,"s:111:4:111:Infinity":14,"f:114:2:114:10":9,"s:115:4:115:Infinity":15,"f:118:2:118:10":10,"s:119:4:119:Infinity":16,"f:122:2:122:14":11,"s:123:4:123:Infinity":17}}}
,"/home/user/shinobi-wan/packages/kernel/src/facade/build-envelope.ts": {"path":"/home/user/shinobi-wan/packages/kernel/src/facade/build-envelope.ts","statementMap":{"0":{"start":{"line":11,"column":16},"end":{"line":11,"column":null}},"1":{"start":{"line":21,"column":4},"end":{"line":25,"column":null}},"2":{"start":{"line":26,"column":2},"end":{"line":34,"column":null}},"3":{"start":{"line":44,"column":41},"end":{"line":49,"column":null}},"4":{"start":{"line":50,"column":39},"end":{"line":55,"column":null}},"5":{"start":{"line":56,"column":2},"end":{"line":56,"column":null}}},"fnMap":{"0":{"name":"buildErrorEnvelope","decl":{"start":{"line":13,"column":16},"end":{"line":13,"column":null}},"loc":{"start":{"line":19,"column":21},"end":{"line":35,"column":null}},"line":19},"1":{"name":"buildEnvelope","decl":{"start":{"line":37,"column":16},"end":{"line":37,"column":null}},"loc":{"start":{"line":43,"column":27},"end":{"line":57,"column":null}},"line":43}},"branchMap":{"0":{"loc":{"start":{"line":21,"column":4},"end":{"line":25,"column":null}},"type":"cond-expr","locations":[{"start":{"line":22,"column":8},"end":{"line":22,"column":null}},{"start":{"line":23,"column":8},"end":{"line":25,"column":null}}],"line":21},"1":{"loc":{"start":{"line":21,"column":4},"end":{"line":21,"column":null}},"type":"binary-expr","locations":[{"start":{"line":21,"column":4},"end":{"line":21,"column":42}},{"start":{"line":21,"column":42},"end":{"line":21,"column":null}}],"line":21},"2":{"loc":{"start":{"line":23,"column":8},"end":{"line":25,"column":null}},"type":"cond-expr","locations":[{"start":{"line":24,"column":10},"end":{"line":24,"column":null}},{"start":{"line":25,"column":10},"end":{"line":25,"column":null}}],"line":23},"3":{"loc":{"start":{"line":32,"column":8},"end":{"line":32,"column":null}},"type":"cond-expr","locations":[{"start":{"line":32,"column":18},"end":{"line":32,"column":32}},{"start":{"line":32,"column":32},"end":{"line":32,"column":null}}],"line":32},"4":{"loc":{"start":{"line":53,"column":8},"end":{"line":53,"column":null}},"type":"cond-expr","locations":[{"start":{"line":53,"column":29},"end":{"line":53,"column":40}},{"start":{"line":53,"column":40},"end":{"line":53,"column":null}}],"line":53},"5":{"loc":{"start":{"line":54,"column":8},"end":{"line":54,"column":null}},"type":"cond-expr","locations":[{"start":{"line":54,"column":30},"end":{"line":54,"column":42}},{"start":{"line":54,"column":42},"end":{"line":54,"column":null}}],"line":54}},"s":{"0":1,"1":5,"2":5,"3":20,"4":20,"5":20},"f":{"0":5,"1":20},"b":{"0":[4,1],"1":[5,3],"2":[1,0],"3":[4,1],"4":[15,5],"5":[5,15]},"meta":{"lastBranch":6,"lastFunction":2,"lastStatement":6,"seen":{"s:11:16:11:Infinity":0,"f:13:16:13:Infinity":0,"s:21:4:25:Infinity":1,"b:22:8:22:Infinity:23:8:25:Infinity":0,"b:21:4:21:42:21:42:21:Infinity":1,"b:24:10:24:Infinity:25:10:25:Infinity":2,"s:26:2:34:Infinity":2,"b:32:18:32:32:32:32:32:Infinity":3,"f:37:16:37:Infinity":1,"s:44:41:49:Infinity":3,"s:50:39:55:Infinity":4,"b:53:29:53:40:53:40:53:Infinity":4,"b:54:30:54:42:54:42:54:Infinity":5,"s:56:2:56:Infinity":5}}}
,"/home/user/shinobi-wan/packages/kernel/src/facade/contract-version.ts": {"path":"/home/user/shinobi-wan/packages/kernel/src/facade/contract-version.ts","statementMap":{"0":{"start":{"line":5,"column":32},"end":{"line":5,"column":null}}},"fnMap":{},"branchMap":{},"s":{"0":1},"f":{},"b":{},"meta":{"lastBranch":0,"lastFunction":0,"lastStatement":1,"seen":{"s:5:32:5:Infinity":0}}}
,"/home/user/shinobi-wan/packages/kernel/src/facade/facade.ts": {"path":"/home/user/shinobi-wan/packages/kernel/src/facade/facade.ts","statementMap":{"0":{"start":{"line":22,"column":15},"end":{"line":22,"column":null}},"1":{"start":{"line":25,"column":2},"end":{"line":25,"column":null}},"2":{"start":{"line":35,"column":2},"end":{"line":41,"column":null}},"3":{"start":{"line":49,"column":17},"end":{"line":49,"column":null}},"4":{"start":{"line":50,"column":17},"end":{"line":50,"column":null}},"5":{"start":{"line":51,"column":21},"end":{"line":51,"column":null}},"6":{"start":{"line":52,"column":2},"end":{"line":52,"column":null}},"7":{"start":{"line":83,"column":8},"end":{"line":87,"column":null}},"8":{"start":{"line":88,"column":2},"end":{"line":93,"column":null}},"9":{"start":{"line":104,"column":2},"end":{"line":109,"column":null}},"10":{"start":{"line":104,"column":28},"end":{"line":109,"column":4}},"11":{"start":{"line":124,"column":14},"end":{"line":124,"column":null}},"12":{"start":{"line":125,"column":2},"end":{"line":133,"column":null}},"13":{"start":{"line":126,"column":4},"end":{"line":132,"column":null}},"14":{"start":{"line":134,"column":2},"end":{"line":153,"column":null}},"15":{"start":{"line":135,"column":40},"end":{"line":135,"column":null}},"16":{"start":{"line":136,"column":10},"end":{"line":136,"column":null}},"17":{"start":{"line":137,"column":30},"end":{"line":137,"column":null}},"18":{"start":{"line":138,"column":23},"end":{"line":142,"column":null}},"19":{"start":{"line":143,"column":19},"end":{"line":143,"column":null}},"20":{"start":{"line":144,"column":4},"end":{"line":149,"column":null}},"21":{"start":{"line":146,"column":39},"end":{"line":146,"column":61}},"22":{"start":{"line":147,"column":41},"end":{"line":147,"column":65}},"23":{"start":{"line":151,"column":20},"end":{"line":151,"column":null}},"24":{"start":{"line":152,"column":4},"end":{"line":152,"column":null}},"25":{"start":{"line":167,"column":14},"end":{"line":167,"column":null}},"26":{"start":{"line":168,"column":2},"end":{"line":176,"column":null}},"27":{"start":{"line":169,"column":4},"end":{"line":175,"column":null}},"28":{"start":{"line":177,"column":2},"end":{"line":202,"column":null}},"29":{"start":{"line":178,"column":40},"end":{"line":178,"column":null}},"30":{"start":{"line":179,"column":10},"end":{"line":179,"column":null}},"31":{"start":{"line":180,"column":30},"end":{"line":180,"column":null}},"32":{"start":{"line":181,"column":23},"end":{"line":185,"column":null}},"33":{"start":{"line":186,"column":4},"end":{"line":194,"column":null}},"34":{"start":{"line":187,"column":6},"end":{"line":193,"column":null}},"35":{"start":{"line":195,"column":4},"end":{"line":198,"column":null}},"36":{"start":{"line":200,"column":20},"end":{"line":200,"column":null}},"37":{"start":{"line":201,"column":4},"end":{"line":201,"column":null}},"38":{"start":{"line":208,"column":37},"end":{"line":208,"column":null}},"39":{"start":{"line":209,"column":2},"end":{"line":225,"column":null}},"40":{"start":{"line":210,"column":17},"end":{"line":210,"column":null}},"41":{"start":{"line":211,"column":4},"end":{"line":224,"column":null}},"42":{"start":{"line":212,"column":6},"end":{"line":212,"column":null}},"43":{"start":{"line":213,"column":4},"end":{"line":224,"column":null}},"44":{"start":{"line":214,"column":6},"end":{"line":214,"column":null}},"45":{"start":{"line":215,"column":4},"end":{"line":224,"column":null}},"46":{"start":{"line":216,"column":6},"end":{"line":219,"column":null}},"47":{"start":{"line":221,"column":6},"end":{"line":223,"column":null}},"48":{"start":{"line":226,"column":2},"end":{"line":226,"column":null}},"49":{"start":{"line":242,"column":14},"end":{"line":242,"column":null}},"50":{"start":{"line":243,"column":2},"end":{"line":251,"column":null}},"51":{"start":{"line":244,"column":4},"end":{"line":250,"column":null}},"52":{"start":{"line":252,"column":2},"end":{"line":295,"column":null}},"53":{"start":{"line":253,"column":40},"end":{"line":253,"column":null}},"54":{"start":{"line":254,"column":18},"end":{"line":254,"column":null}},"55":{"start":{"line":255,"column":17},"end":{"line":261,"column":null}},"56":{"start":{"line":256,"column":30},"end":{"line":256,"column":65}},"57":{"start":{"line":257,"column":30},"end":{"line":257,"column":65}},"58":{"start":{"line":259,"column":23},"end":{"line":259,"column":null}},"59":{"start":{"line":262,"column":4},"end":{"line":270,"column":null}},"60":{"start":{"line":263,"column":6},"end":{"line":269,"column":null}},"61":{"start":{"line":268,"column":41},"end":{"line":268,"column":56}},"62":{"start":{"line":271,"column":19},"end":{"line":271,"column":null}},"63":{"start":{"line":272,"column":4},"end":{"line":274,"column":null}},"64":{"start":{"line":273,"column":6},"end":{"line":273,"column":null}},"65":{"start":{"line":275,"column":19},"end":{"line":275,"column":null}},"66":{"start":{"line":276,"column":4},"end":{"line":284,"column":null}},"67":{"start":{"line":277,"column":6},"end":{"line":283,"column":null}},"68":{"start":{"line":282,"column":43},"end":{"line":282,"column":58}},"69":{"start":{"line":285,"column":18},"end":{"line":285,"column":null}},"70":{"start":{"line":286,"column":4},"end":{"line":291,"column":null}},"71":{"start":{"line":293,"column":20},"end":{"line":293,"column":null}},"72":{"start":{"line":294,"column":4},"end":{"line":294,"column":null}},"73":{"start":{"line":306,"column":14},"end":{"line":306,"column":null}},"74":{"start":{"line":307,"column":2},"end":{"line":334,"column":null}},"75":{"start":{"line":308,"column":4},"end":{"line":310,"column":null}},"76":{"start":{"line":309,"column":6},"end":{"line":309,"column":null}},"77":{"start":{"line":311,"column":40},"end":{"line":311,"column":null}},"78":{"start":{"line":312,"column":10},"end":{"line":312,"column":null}},"79":{"start":{"line":313,"column":34},"end":{"line":329,"column":null}},"80":{"start":{"line":314,"column":37},"end":{"line":318,"column":8}},"81":{"start":{"line":319,"column":37},"end":{"line":323,"column":8}},"82":{"start":{"line":324,"column":41},"end":{"line":328,"column":8}},"83":{"start":{"line":330,"column":4},"end":{"line":330,"column":null}},"84":{"start":{"line":332,"column":20},"end":{"line":332,"column":null}},"85":{"start":{"line":333,"column":4},"end":{"line":333,"column":null}},"86":{"start":{"line":345,"column":14},"end":{"line":345,"column":null}},"87":{"start":{"line":346,"column":2},"end":{"line":346,"column":null}}},"fnMap":{"0":{"name":"traceId","decl":{"start":{"line":24,"column":9},"end":{"line":24,"column":17}},"loc":{"start":{"line":24,"column":54},"end":{"line":26,"column":null}},"line":24},"1":{"name":"failure","decl":{"start":{"line":28,"column":9},"end":{"line":28,"column":null}},"loc":{"start":{"line":34,"column":27},"end":{"line":42,"column":null}},"line":34},"2":{"name":"toSnapshot","decl":{"start":{"line":44,"column":9},"end":{"line":44,"column":20}},"loc":{"start":{"line":48,"column":2},"end":{"line":53,"column":null}},"line":48},"3":{"name":"summarize","decl":{"start":{"line":78,"column":9},"end":{"line":78,"column":19}},"loc":{"start":{"line":82,"column":20},"end":{"line":94,"column":null}},"line":82},"4":{"name":"toDiagnostics","decl":{"start":{"line":96,"column":9},"end":{"line":96,"column":null}},"loc":{"start":{"line":103,"column":26},"end":{"line":110,"column":null}},"line":103},"5":{"name":"(anonymous_5)","decl":{"start":{"line":104,"column":20},"end":{"line":104,"column":21}},"loc":{"start":{"line":104,"column":28},"end":{"line":109,"column":4}},"line":104},"6":{"name":"validatePlan","decl":{"start":{"line":116,"column":22},"end":{"line":116,"column":35}},"loc":{"start":{"line":123,"column":2},"end":{"line":154,"column":null}},"line":123},"7":{"name":"(anonymous_7)","decl":{"start":{"line":146,"column":32},"end":{"line":146,"column":33}},"loc":{"start":{"line":146,"column":39},"end":{"line":146,"column":61}},"line":146},"8":{"name":"(anonymous_8)","decl":{"start":{"line":147,"column":34},"end":{"line":147,"column":35}},"loc":{"start":{"line":147,"column":41},"end":{"line":147,"column":65}},"line":147},"9":{"name":"planChange","decl":{"start":{"line":161,"column":22},"end":{"line":161,"column":33}},"loc":{"start":{"line":166,"column":2},"end":{"line":203,"column":null}},"line":166},"10":{"name":"parseMutations","decl":{"start":{"line":205,"column":9},"end":{"line":205,"column":null}},"loc":{"start":{"line":207,"column":54},"end":{"line":227,"column":null}},"line":207},"11":{"name":"applyChange","decl":{"start":{"line":234,"column":22},"end":{"line":234,"column":34}},"loc":{"start":{"line":241,"column":2},"end":{"line":296,"column":null}},"line":241},"12":{"name":"(anonymous_12)","decl":{"start":{"line":256,"column":19},"end":{"line":256,"column":20}},"loc":{"start":{"line":256,"column":30},"end":{"line":256,"column":65}},"line":256},"13":{"name":"(anonymous_13)","decl":{"start":{"line":257,"column":19},"end":{"line":257,"column":20}},"loc":{"start":{"line":257,"column":30},"end":{"line":257,"column":65}},"line":257},"14":{"name":"(anonymous_14)","decl":{"start":{"line":259,"column":8},"end":{"line":259,"column":9}},"loc":{"start":{"line":259,"column":23},"end":{"line":259,"column":null}},"line":259},"15":{"name":"(anonymous_15)","decl":{"start":{"line":268,"column":34},"end":{"line":268,"column":35}},"loc":{"start":{"line":268,"column":41},"end":{"line":268,"column":56}},"line":268},"16":{"name":"(anonymous_16)","decl":{"start":{"line":282,"column":36},"end":{"line":282,"column":37}},"loc":{"start":{"line":282,"column":43},"end":{"line":282,"column":58}},"line":282},"17":{"name":"readEntities","decl":{"start":{"line":303,"column":22},"end":{"line":303,"column":null}},"loc":{"start":{"line":305,"column":60},"end":{"line":335,"column":null}},"line":305},"18":{"name":"(anonymous_18)","decl":{"start":{"line":314,"column":29},"end":{"line":314,"column":30}},"loc":{"start":{"line":314,"column":37},"end":{"line":318,"column":8}},"line":314},"19":{"name":"(anonymous_19)","decl":{"start":{"line":319,"column":29},"end":{"line":319,"column":30}},"loc":{"start":{"line":319,"column":37},"end":{"line":323,"column":8}},"line":319},"20":{"name":"(anonymous_20)","decl":{"start":{"line":324,"column":33},"end":{"line":324,"column":34}},"loc":{"start":{"line":324,"column":41},"end":{"line":328,"column":8}},"line":324},"21":{"name":"readActivity","decl":{"start":{"line":342,"column":22},"end":{"line":342,"column":null}},"loc":{"start":{"line":344,"column":58},"end":{"line":347,"column":null}},"line":344}},"branchMap":{"0":{"loc":{"start":{"line":25,"column":9},"end":{"line":25,"column":null}},"type":"binary-expr","locations":[{"start":{"line":25,"column":9},"end":{"line":25,"column":26}},{"start":{"line":25,"column":26},"end":{"line":25,"column":null}}],"line":25},"1":{"loc":{"start":{"line":49,"column":17},"end":{"line":49,"column":null}},"type":"binary-expr","locations":[{"start":{"line":49,"column":17},"end":{"line":49,"column":55}},{"start":{"line":49,"column":55},"end":{"line":49,"column":null}}],"line":49},"2":{"loc":{"start":{"line":50,"column":17},"end":{"line":50,"column":null}},"type":"binary-expr","locations":[{"start":{"line":50,"column":17},"end":{"line":50,"column":55}},{"start":{"line":50,"column":55},"end":{"line":50,"column":null}}],"line":50},"3":{"loc":{"start":{"line":51,"column":21},"end":{"line":51,"column":null}},"type":"binary-expr","locations":[{"start":{"line":51,"column":21},"end":{"line":51,"column":74}},{"start":{"line":51,"column":74},"end":{"line":51,"column":null}}],"line":51},"4":{"loc":{"start":{"line":125,"column":2},"end":{"line":133,"column":null}},"type":"if","locations":[{"start":{"line":125,"column":2},"end":{"line":133,"column":null}},{"start":{},"end":{}}],"line":125},"5":{"loc":{"start":{"line":151,"column":20},"end":{"line":151,"column":null}},"type":"cond-expr","locations":[{"start":{"line":151,"column":41},"end":{"line":151,"column":53}},{"start":{"line":151,"column":53},"end":{"line":151,"column":null}}],"line":151},"6":{"loc":{"start":{"line":168,"column":2},"end":{"line":176,"column":null}},"type":"if","locations":[{"start":{"line":168,"column":2},"end":{"line":176,"column":null}},{"start":{},"end":{}}],"line":168},"7":{"loc":{"start":{"line":186,"column":4},"end":{"line":194,"column":null}},"type":"if","locations":[{"start":{"line":186,"column":4},"end":{"line":194,"column":null}},{"start":{},"end":{}}],"line":186},"8":{"loc":{"start":{"line":200,"column":20},"end":{"line":200,"column":null}},"type":"cond-expr","locations":[{"start":{"line":200,"column":41},"end":{"line":200,"column":53}},{"start":{"line":200,"column":53},"end":{"line":200,"column":null}}],"line":200},"9":{"loc":{"start":{"line":211,"column":4},"end":{"line":224,"column":null}},"type":"if","locations":[{"start":{"line":211,"column":4},"end":{"line":224,"column":null}},{"start":{"line":213,"column":4},"end":{"line":224,"column":null}}],"line":211},"10":{"loc":{"start":{"line":211,"column":8},"end":{"line":211,"column":50}},"type":"binary-expr","locations":[{"start":{"line":211,"column":8},"end":{"line":211,"column":30}},{"start":{"line":211,"column":30},"end":{"line":211,"column":50}}],"line":211},"11":{"loc":{"start":{"line":213,"column":4},"end":{"line":224,"column":null}},"type":"if","locations":[{"start":{"line":213,"column":4},"end":{"line":224,"column":null}},{"start":{"line":215,"column":4},"end":{"line":224,"column":null}}],"line":213},"12":{"loc":{"start":{"line":213,"column":15},"end":{"line":213,"column":57}},"type":"binary-expr","locations":[{"start":{"line":213,"column":15},"end":{"line":213,"column":37}},{"start":{"line":213,"column":37},"end":{"line":213,"column":57}}],"line":213},"13":{"loc":{"start":{"line":215,"column":4},"end":{"line":224,"column":null}},"type":"if","locations":[{"start":{"line":215,"column":4},"end":{"line":224,"column":null}},{"start":{"line":220,"column":11},"end":{"line":224,"column":null}}],"line":215},"14":{"loc":{"start":{"line":215,"column":15},"end":{"line":215,"column":65}},"type":"binary-expr","locations":[{"start":{"line":215,"column":15},"end":{"line":215,"column":41}},{"start":{"line":215,"column":41},"end":{"line":215,"column":65}}],"line":215},"15":{"loc":{"start":{"line":243,"column":2},"end":{"line":251,"column":null}},"type":"if","locations":[{"start":{"line":243,"column":2},"end":{"line":251,"column":null}},{"start":{},"end":{}}],"line":243},"16":{"loc":{"start":{"line":262,"column":4},"end":{"line":270,"column":null}},"type":"if","locations":[{"start":{"line":262,"column":4},"end":{"line":270,"column":null}},{"start":{},"end":{}}],"line":262},"17":{"loc":{"start":{"line":271,"column":34},"end":{"line":271,"column":55}},"type":"binary-expr","locations":[{"start":{"line":271,"column":34},"end":{"line":271,"column":53}},{"start":{"line":271,"column":53},"end":{"line":271,"column":55}}],"line":271},"18":{"loc":{"start":{"line":272,"column":4},"end":{"line":274,"column":null}},"type":"if","locations":[{"start":{"line":272,"column":4},"end":{"line":274,"column":null}},{"start":{},"end":{}}],"line":272},"19":{"loc":{"start":{"line":276,"column":4},"end":{"line":284,"column":null}},"type":"if","locations":[{"start":{"line":276,"column":4},"end":{"line":284,"column":null}},{"start":{},"end":{}}],"line":276},"20":{"loc":{"start":{"line":293,"column":20},"end":{"line":293,"column":null}},"type":"cond-expr","locations":[{"start":{"line":293,"column":41},"end":{"line":293,"column":53}},{"start":{"line":293,"column":53},"end":{"line":293,"column":null}}],"line":293},"21":{"loc":{"start":{"line":308,"column":4},"end":{"line":310,"column":null}},"type":"if","locations":[{"start":{"line":308,"column":4},"end":{"line":310,"column":null}},{"start":{},"end":{}}],"line":308},"22":{"loc":{"start":{"line":332,"column":20},"end":{"line":332,"column":null}},"type":"cond-expr","locations":[{"start":{"line":332,"column":41},"end":{"line":332,"column":53}},{"start":{"line":332,"column":53},"end":{"line":332,"column":null}}],"line":332}},"s":{"0":1,"1":20,"2":5,"3":16,"4":16,"5":16,"6":16,"7":6,"8":6,"9":7,"10":2,"11":7,"12":7,"13":1,"14":6,"15":6,"16":6,"17":6,"18":6,"19":6,"20":6,"21":1,"22":1,"23":0,"24":0,"25":5,"26":5,"27":1,"28":4,"29":4,"30":4,"31":4,"32":4,"33":4,"34":1,"35":3,"36":0,"37":0,"38":5,"39":5,"40":4,"41":4,"42":3,"43":1,"44":0,"45":1,"46":0,"47":1,"48":4,"49":5,"50":5,"51":0,"52":5,"53":5,"54":5,"55":5,"56":3,"57":0,"58":0,"59":5,"60":0,"61":0,"62":5,"63":5,"64":1,"65":4,"66":4,"67":1,"68":1,"69":3,"70":3,"71":0,"72":0,"73":2,"74":2,"75":2,"76":1,"77":1,"78":1,"79":1,"80":2,"81":1,"82":0,"83":1,"84":0,"85":0,"86":1,"87":1},"f":{"0":20,"1":5,"2":16,"3":6,"4":7,"5":2,"6":7,"7":1,"8":1,"9":5,"10":5,"11":5,"12":3,"13":0,"14":0,"15":0,"16":1,"17":2,"18":2,"19":1,"20":0,"21":1},"b":{"0":[20,0],"1":[16,0],"2":[16,0],"3":[16,0],"4":[1,6],"5":[0,0],"6":[1,4],"7":[1,3],"8":[0,0],"9":[3,1],"10":[4,3],"11":[0,1],"12":[1,0],"13":[0,1],"14":[1,0],"15":[0,5],"16":[0,5],"17":[5,1],"18":[1,4],"19":[1,3],"20":[0,0],"21":[1,1],"22":[0,0]},"meta":{"lastBranch":23,"lastFunction":22,"lastStatement":88,"seen":{"s:22:15:22:Infinity":0,"f:24:9:24:17":0,"s:25:2:25:Infinity":1,"b:25:9:25:26:25:26:25:Infinity":0,"f:28:9:28:Infinity":1,"s:35:2:41:Infinity":2,"f:44:9:44:20":2,"s:49:17:49:Infinity":3,"b:49:17:49:55:49:55:49:Infinity":1,"s:50:17:50:Infinity":4,"b:50:17:50:55:50:55:50:Infinity":2,"s:51:21:51:Infinity":5,"b:51:21:51:74:51:74:51:Infinity":3,"s:52:2:52:Infinity":6,"f:78:9:78:19":3,"s:83:8:87:Infinity":7,"s:88:2:93:Infinity":8,"f:96:9:96:Infinity":4,"s:104:2:109:Infinity":9,"f:104:20:104:21":5,"s:104:28:109:4":10,"f:116:22:116:35":6,"s:124:14:124:Infinity":11,"b:125:2:133:Infinity:undefined:undefined:undefined:undefined":4,"s:125:2:133:Infinity":12,"s:126:4:132:Infinity":13,"s:134:2:153:Infinity":14,"s:135:40:135:Infinity":15,"s:136:10:136:Infinity":16,"s:137:30:137:Infinity":17,"s:138:23:142:Infinity":18,"s:143:19:143:Infinity":19,"s:144:4:149:Infinity":20,"f:146:32:146:33":7,"s:146:39:146:61":21,"f:147:34:147:35":8,"s:147:41:147:65":22,"s:151:20:151:Infinity":23,"b:151:41:151:53:151:53:151:Infinity":5,"s:152:4:152:Infinity":24,"f:161:22:161:33":9,"s:167:14:167:Infinity":25,"b:168:2:176:Infinity:undefined:undefined:undefined:undefined":6,"s:168:2:176:Infinity":26,"s:169:4:175:Infinity":27,"s:177:2:202:Infinity":28,"s:178:40:178:Infinity":29,"s:179:10:179:Infinity":30,"s:180:30:180:Infinity":31,"s:181:23:185:Infinity":32,"b:186:4:194:Infinity:undefined:undefined:undefined:undefined":7,"s:186:4:194:Infinity":33,"s:187:6:193:Infinity":34,"s:195:4:198:Infinity":35,"s:200:20:200:Infinity":36,"b:200:41:200:53:200:53:200:Infinity":8,"s:201:4:201:Infinity":37,"f:205:9:205:Infinity":10,"s:208:37:208:Infinity":38,"s:209:2:225:Infinity":39,"s:210:17:210:Infinity":40,"b:211:4:224:Infinity:213:4:224:Infinity":9,"s:211:4:224:Infinity":41,"b:211:8:211:30:211:30:211:50":10,"s:212:6:212:Infinity":42,"b:213:4:224:Infinity:215:4:224:Infinity":11,"s:213:4:224:Infinity":43,"b:213:15:213:37:213:37:213:57":12,"s:214:6:214:Infinity":44,"b:215:4:224:Infinity:220:11:224:Infinity":13,"s:215:4:224:Infinity":45,"b:215:15:215:41:215:41:215:65":14,"s:216:6:219:Infinity":46,"s:221:6:223:Infinity":47,"s:226:2:226:Infinity":48,"f:234:22:234:34":11,"s:242:14:242:Infinity":49,"b:243:2:251:Infinity:undefined:undefined:undefined:undefined":15,"s:243:2:251:Infinity":50,"s:244:4:250:Infinity":51,"s:252:2:295:Infinity":52,"s:253:40:253:Infinity":53,"s:254:18:254:Infinity":54,"s:255:17:261:Infinity":55,"f:256:19:256:20":12,"s:256:30:256:65":56,"f:257:19:257:20":13,"s:257:30:257:65":57,"f:259:8:259:9":14,"s:259:23:259:Infinity":58,"b:262:4:270:Infinity:undefined:undefined:undefined:undefined":16,"s:262:4:270:Infinity":59,"s:263:6:269:Infinity":60,"f:268:34:268:35":15,"s:268:41:268:56":61,"s:271:19:271:Infinity":62,"b:271:34:271:53:271:53:271:55":17,"b:272:4:274:Infinity:undefined:undefined:undefined:undefined":18,"s:272:4:274:Infinity":63,"s:273:6:273:Infinity":64,"s:275:19:275:Infinity":65,"b:276:4:284:Infinity:undefined:undefined:undefined:undefined":19,"s:276:4:284:Infinity":66,"s:277:6:283:Infinity":67,"f:282:36:282:37":16,"s:282:43:282:58":68,"s:285:18:285:Infinity":69,"s:286:4:291:Infinity":70,"s:293:20:293:Infinity":71,"b:293:41:293:53:293:53:293:Infinity":20,"s:294:4:294:Infinity":72,"f:303:22:303:Infinity":17,"s:306:14:306:Infinity":73,"s:307:2:334:Infinity":74,"b:308:4:310:Infinity:undefined:undefined:undefined:undefined":21,"s:308:4:310:Infinity":75,"s:309:6:309:Infinity":76,"s:311:40:311:Infinity":77,"s:312:10:312:Infinity":78,"s:313:34:329:Infinity":79,"f:314:29:314:30":18,"s:314:37:318:8":80,"f:319:29:319:30":19,"s:319:37:323:8":81,"f:324:33:324:34":20,"s:324:41:328:8":82,"s:330:4:330:Infinity":83,"s:332:20:332:Infinity":84,"b:332:41:332:53:332:53:332:Infinity":22,"s:333:4:333:Infinity":85,"f:342:22:342:Infinity":21,"s:345:14:345:Infinity":86,"s:346:2:346:Infinity":87}}}
,"/home/user/shinobi-wan/packages/kernel/src/facade/index.ts": {"path":"/home/user/shinobi-wan/packages/kernel/src/facade/index.ts","statementMap":{},"fnMap":{},"branchMap":{},"s":{},"f":{},"b":{},"meta":{"lastBranch":0,"lastFunction":0,"lastStatement":0,"seen":{}}}
}
